<?xml version="1.0" encoding="UTF-8"?>
<testsuites>
  <testsuite name="Projet1 Test Suite" tests="3" assertions="5" failures="0" errors="0" time="0.133209">
    <testsuite name="IndexControllerTest" file="/var/www/projet1/tests/application/modules/Core/controllers/IndexControllerTest.php" tests="2" assertions="4" failures="0" errors="0" time="0.093915">
      <testcase name="testIndexPageShouldFullFromRightMCA" class="IndexControllerTest" file="/var/www/projet1/tests/application/modules/Core/controllers/IndexControllerTest.php" line="33" assertions="3" time="0.080475"/>
      <testcase name="testIndexTitle" class="IndexControllerTest" file="/var/www/projet1/tests/application/modules/Core/controllers/IndexControllerTest.php" line="42" assertions="1" time="0.013440"/>
    </testsuite>
    <testsuite name="User_IndexControllerTest" file="/var/www/projet1/tests/application/modules/User/controllers/IndexControllerTest.php" fullPackage="User" tests="1" assertions="1" failures="0" errors="0" time="0.039294">
      <testcase name="testValidCredentialsShouldResultInRedisplayOfLoginForm" class="User_IndexControllerTest" file="/var/www/projet1/tests/application/modules/User/controllers/IndexControllerTest.php" line="36" assertions="1" time="0.039294"/>
    </testsuite>
  </testsuite>
</testsuites>
